[debug] [2019-08-03T18:12:45.055Z] ----------------------------------------------------------------------
[debug] [2019-08-03T18:12:45.073Z] Command:       /usr/local/bin/node /usr/local/bin/firebase init
[debug] [2019-08-03T18:12:45.074Z] CLI Version:   6.1.1
[debug] [2019-08-03T18:12:45.074Z] Platform:      linux
[debug] [2019-08-03T18:12:45.074Z] Node Version:  v12.7.0
[debug] [2019-08-03T18:12:45.075Z] Time:          Sat Aug 03 2019 23:42:45 GMT+0530 (India Standard Time)
[debug] [2019-08-03T18:12:45.075Z] ----------------------------------------------------------------------
[debug] 
[debug] [2019-08-03T18:12:45.092Z] > command requires scopes: ["email","openid","https://www.googleapis.com/auth/cloudplatformprojects.readonly","https://www.googleapis.com/auth/firebase","https://www.googleapis.com/auth/cloud-platform"]
[debug] [2019-08-03T18:12:45.093Z] > authorizing via signed-in user
[info] 
     ######## #### ########  ######## ########     ###     ######  ########
     ##        ##  ##     ## ##       ##     ##  ##   ##  ##       ##
     ######    ##  ########  ######   ########  #########  ######  ######
     ##        ##  ##    ##  ##       ##     ## ##     ##       ## ##
     ##       #### ##     ## ######## ########  ##     ##  ######  ########

You're about to initialize a Firebase project in this directory:

  /home/mb/Govind/Examples/Github/mysite/my-site

[info] 
=== Project Setup
[info] 
[info] First, let's associate this project directory with a Firebase project.
[info] You can create multiple project aliases by running firebase use --add, 
[info] but for now we'll just set up a default project.
[info] 
[debug] [2019-08-03T18:12:50.188Z] > refreshing access token with scopes: ["email","https://www.googleapis.com/auth/cloud-platform","https://www.googleapis.com/auth/cloudplatformprojects.readonly","https://www.googleapis.com/auth/firebase","openid"]
[debug] [2019-08-03T18:12:50.189Z] >>> HTTP REQUEST POST https://www.googleapis.com/oauth2/v3/token  
 <request body omitted>
[debug] [2019-08-03T18:12:50.901Z] <<< HTTP RESPONSE 200
[debug] [2019-08-03T18:12:50.968Z] >>> HTTP REQUEST GET https://firebase.googleapis.com/v1beta1/projects?page_size=100  
 
[debug] [2019-08-03T18:12:52.301Z] <<< HTTP RESPONSE 200
[info] i  Using project govindnaruteblogs (govindnaruteblogs)
[info] 
=== Hosting Setup
[info] 
[info] Your public directory is the folder (relative to your project directory) that
[info] will contain Hosting assets to be uploaded with firebase deploy. If you
[info] have a build process for your assets, use your build's output directory.
[info] 
